about:blank:1 An iframe which has both allow-scripts and allow-same-origin for its sandbox attribute can escape its sandboxing.
about:srcdoc:1 An iframe which has both allow-scripts and allow-same-origin for its sandbox attribute can escape its sandboxing.
about:srcdoc:5172 Loading the font 'data:font/ttf;base64,AAEAAAALAIAAAwAwR1NVQiCLJXoAAAE4AAAAVE9TLzI3UEsuAAABjAAAAGBjbWFwNK59LwAACiQAAB66Z2x5Zil9aIkAAC0AAAGU8GhlYWRYkqBSAAAA4AAAADZoaGVhAlYDOQAAALwAAAAkaG10eGcG/+UAAAHsAAAIOGxvY2Glm0AYAAAo4AAABB5tYXhwAycBiAAAARgAAAAgbmFtZZP7uU8AAcHwAAAB+HBvc3RSL5SRAAHD6AAAHU4AAQAAASwAAAAAASz/+v/+AS4AAQAAAAAAAAAAAAAAAAAAAg4AAQAAAAEAAFB1d4VfDzz1AAsBLAAAAAB8JbCAAAAAAHwlsID/+v/8AS4BLQAAAAgAAgAAAAAAAAABAAACDgF8AA8AAAAAAAIAAAAKAAoAAAD/AAAAAAAAAAEAAAAKADAAPgACREZMVAAObGF0bgAaAAQAAAAAAAAAAQAAAAQAAAAAAAAAAQAAAAFsaWdhAA...VyYXJjaHktc3ViFHR5cGUtaGllcmFyY2h5LXN1cGVyDnR5cGUtaGllcmFyY2h5CXVuYXJjaGl2ZQZ1bmZvbGQTdW5ncm91cC1ieS1yZWYtdHlwZQZ1bmxvY2sGdW5tdXRlCnVudmVyaWZpZWQOdmFyaWFibGUtZ3JvdXAPdmVyaWZpZWQtZmlsbGVkCHZlcmlmaWVkCXZtLWFjdGl2ZQp2bS1jb25uZWN0CnZtLW91dGxpbmUKdm0tcGVuZGluZwp2bS1ydW5uaW5nCHZtLXNtYWxsAnZtAnZyD3ZzY29kZS1pbnNpZGVycwZ2c2NvZGUEd2FuZAd3YXJuaW5nBXdhdGNoCndoaXRlc3BhY2UKd2hvbGUtd29yZA13aW5kb3ctYWN0aXZlCXdvcmQtd3JhcBF3b3Jrc3BhY2UtdHJ1c3RlZBF3b3Jrc3BhY2UtdW5rbm93bhN3b3Jrc3BhY2UtdW50cnVzdGVkB3pvb20taW4Iem9vbS1vdXQAAAAA' violates the following Content Security Policy directive: "font-src 'none'". The action has been blocked.
about:srcdoc:5172 Loading the font 'data:font/ttf;base64,AAEAAAALAIAAAwAwR1NVQiCLJXoAAAE4AAAAVE9TLzI3UEsuAAABjAAAAGBjbWFwNK59LwAACiQAAB66Z2x5Zil9aIkAAC0AAAGU8GhlYWRYkqBSAAAA4AAAADZoaGVhAlYDOQAAALwAAAAkaG10eGcG/+UAAAHsAAAIOGxvY2Glm0AYAAAo4AAABB5tYXhwAycBiAAAARgAAAAgbmFtZZP7uU8AAcHwAAAB+HBvc3RSL5SRAAHD6AAAHU4AAQAAASwAAAAAASz/+v/+AS4AAQAAAAAAAAAAAAAAAAAAAg4AAQAAAAEAAFB1d4VfDzz1AAsBLAAAAAB8JbCAAAAAAHwlsID/+v/8AS4BLQAAAAgAAgAAAAAAAAABAAACDgF8AA8AAAAAAAIAAAAKAAoAAAD/AAAAAAAAAAEAAAAKADAAPgACREZMVAAObGF0bgAaAAQAAAAAAAAAAQAAAAQAAAAAAAAAAQAAAAFsaWdhAA...VyYXJjaHktc3ViFHR5cGUtaGllcmFyY2h5LXN1cGVyDnR5cGUtaGllcmFyY2h5CXVuYXJjaGl2ZQZ1bmZvbGQTdW5ncm91cC1ieS1yZWYtdHlwZQZ1bmxvY2sGdW5tdXRlCnVudmVyaWZpZWQOdmFyaWFibGUtZ3JvdXAPdmVyaWZpZWQtZmlsbGVkCHZlcmlmaWVkCXZtLWFjdGl2ZQp2bS1jb25uZWN0CnZtLW91dGxpbmUKdm0tcGVuZGluZwp2bS1ydW5uaW5nCHZtLXNtYWxsAnZtAnZyD3ZzY29kZS1pbnNpZGVycwZ2c2NvZGUEd2FuZAd3YXJuaW5nBXdhdGNoCndoaXRlc3BhY2UKd2hvbGUtd29yZA13aW5kb3ctYWN0aXZlCXdvcmQtd3JhcBF3b3Jrc3BhY2UtdHJ1c3RlZBF3b3Jrc3BhY2UtdW5rbm93bhN3b3Jrc3BhY2UtdW50cnVzdGVkB3pvb20taW4Iem9vbS1vdXQAAAAA' violates the following Content Security Policy directive: "font-src 'none'". The action has been blocked.
about:srcdoc:5172 Loading the font 'data:font/ttf;base64,AAEAAAALAIAAAwAwR1NVQiCLJXoAAAE4AAAAVE9TLzI3UEsuAAABjAAAAGBjbWFwNK59LwAACiQAAB66Z2x5Zil9aIkAAC0AAAGU8GhlYWRYkqBSAAAA4AAAADZoaGVhAlYDOQAAALwAAAAkaG10eGcG/+UAAAHsAAAIOGxvY2Glm0AYAAAo4AAABB5tYXhwAycBiAAAARgAAAAgbmFtZZP7uU8AAcHwAAAB+HBvc3RSL5SRAAHD6AAAHU4AAQAAASwAAAAAASz/+v/+AS4AAQAAAAAAAAAAAAAAAAAAAg4AAQAAAAEAAFB1d4VfDzz1AAsBLAAAAAB8JbCAAAAAAHwlsID/+v/8AS4BLQAAAAgAAgAAAAAAAAABAAACDgF8AA8AAAAAAAIAAAAKAAoAAAD/AAAAAAAAAAEAAAAKADAAPgACREZMVAAObGF0bgAaAAQAAAAAAAAAAQAAAAQAAAAAAAAAAQAAAAFsaWdhAA...VyYXJjaHktc3ViFHR5cGUtaGllcmFyY2h5LXN1cGVyDnR5cGUtaGllcmFyY2h5CXVuYXJjaGl2ZQZ1bmZvbGQTdW5ncm91cC1ieS1yZWYtdHlwZQZ1bmxvY2sGdW5tdXRlCnVudmVyaWZpZWQOdmFyaWFibGUtZ3JvdXAPdmVyaWZpZWQtZmlsbGVkCHZlcmlmaWVkCXZtLWFjdGl2ZQp2bS1jb25uZWN0CnZtLW91dGxpbmUKdm0tcGVuZGluZwp2bS1ydW5uaW5nCHZtLXNtYWxsAnZtAnZyD3ZzY29kZS1pbnNpZGVycwZ2c2NvZGUEd2FuZAd3YXJuaW5nBXdhdGNoCndoaXRlc3BhY2UKd2hvbGUtd29yZA13aW5kb3ctYWN0aXZlCXdvcmQtd3JhcBF3b3Jrc3BhY2UtdHJ1c3RlZBF3b3Jrc3BhY2UtdW5rbm93bhN3b3Jrc3BhY2UtdW50cnVzdGVkB3pvb20taW4Iem9vbS1vdXQAAAAA' violates the following Content Security Policy directive: "font-src 'none'". The action has been blocked.
 DevConsole tab initialized. Call debugDevConsole() in console for debug info.
 DevConsole: Add to project button clicked
 DevConsole: Getting DevConsole code...
 DevConsole: Creating file handle...
 DevConsole: File created successfully
 DevConsole: HTML files detected: Array(1)
 DevConsole: Refreshing file tree...
 DevConsole: Starting status check
 DevConsole: loadFolder available: true
 DevConsole: loadFolder.fileHandle available: true
 DevConsole: Checking for file using File System Access API
 DevConsole: File found via File System Access API
 DevConsole: File check result: true
 DevConsole: HTML integration summary: Object
about:srcdoc:6 Uncaught 
 [Prometheus] [CAPRA] callSageApi request Object
 [Prometheus] [CAPRA] callSageApi response Object
about:srcdoc:6 Uncaught 
 [Prometheus] [CAPRA] Prepared message context Object
 [Prometheus] [CAPRA] Step context snapshot Object
 [Prometheus] Request payload Object
 [Prometheus] [CAPRA] Request payload Object
 [Prometheus] [CAPRA] HTTP attempt start Object
 [Prometheus] [CAPRA] HTTP attempt response Object
 [Prometheus] [CAPRA] HTTP response Object
 [Prometheus] [CAPRA] Parsed response candidate selection Object
 [Prometheus] Parsed response Object
 [Prometheus] [CAPRA] Final parsed text Object
 [Prometheus] [CAPRA] AskSage execution decision Object
 [Prometheus] Execution decision Object
 [Prometheus] [CAPRA] Tool execution start Object
 [Prometheus] [CAPRA] Tool execution start Object
 [Prometheus] [CAPRA] Tool execution start Object
 [Prometheus] [CAPRA] Tool execution finished Object
 [Prometheus] [CAPRA] Tool execution finished Object
 [Prometheus] [CAPRA] Tool execution finished Object
 [Prometheus] Tool execution results Object
 [Prometheus] [CAPRA] AskSage tool execution results Object
 [Prometheus] [CAPRA] Step context snapshot Object
 [Prometheus] Request payload Object
 [Prometheus] [CAPRA] Request payload Object
 [Prometheus] [CAPRA] HTTP attempt start Object
 [Prometheus] [CAPRA] HTTP attempt response Object
 [Prometheus] [CAPRA] HTTP response Object
 [Prometheus] [CAPRA] Parsed response candidate selection Object
 [Prometheus] Parsed response Object
 [Prometheus] [CAPRA] Final parsed text Object
 [Prometheus] [CAPRA] AskSage execution decision Object
 [Prometheus] Execution decision Object
 [Prometheus] [CAPRA] Tool execution start Object
 [Prometheus] [CAPRA] Tool execution finished Object
 [Prometheus] Tool execution results Object
 [Prometheus] [CAPRA] AskSage tool execution results Object
 [Prometheus] [CAPRA] Step context snapshot Object
 [Prometheus] Request payload Object
 [Prometheus] [CAPRA] Request payload Object
 [Prometheus] [CAPRA] HTTP attempt start Object
 [Prometheus] [CAPRA] HTTP attempt response Object
 [Prometheus] [CAPRA] HTTP response Object
 [Prometheus] [CAPRA] Parsed response candidate selection Object
 [Prometheus] Parsed response Object
 [Prometheus] [CAPRA] Final parsed text Object
 [Prometheus] [CAPRA] AskSage execution decision Object
 [Prometheus] [CAPRA] Run final state Object
 [Prometheus] [CAPRA] Prepared message context Object
 [Prometheus] [CAPRA] Step context snapshot Object
 [Prometheus] Request payload Object
 [Prometheus] [CAPRA] Request payload Object
 [Prometheus] [CAPRA] HTTP attempt start Object
 [Prometheus] [CAPRA] HTTP attempt response Object
 [Prometheus] [CAPRA] HTTP response Object
 [Prometheus] [CAPRA] Parsed response candidate selection Object
 [Prometheus] Parsed response Object
 [Prometheus] [CAPRA] Final parsed text Object
 [Prometheus] [CAPRA] AskSage execution decision Object
 [Prometheus] Execution decision Object
 [Prometheus] [CAPRA] Tool execution start Object
 [Prometheus] [CAPRA] Tool execution finished Object
 [Prometheus] Tool execution results Object
 [Prometheus] [CAPRA] AskSage tool execution results Object
 [Prometheus] [CAPRA] Step context snapshot Object
 [Prometheus] Request payload Object
 [Prometheus] [CAPRA] Request payload Object
 [Prometheus] [CAPRA] HTTP attempt start Object
 [Prometheus] [CAPRA] HTTP attempt response Object
 [Prometheus] [CAPRA] HTTP response Object
 [Prometheus] [CAPRA] Parsed response candidate selection Object
 [Prometheus] Parsed response Object
 [Prometheus] [CAPRA] Final parsed text Object
 [Prometheus] [CAPRA] AskSage execution decision Object
 [Prometheus] Execution decision Object
 [Prometheus] [CAPRA] Tool execution start Object
 [Prometheus] [CAPRA] Tool execution finished Object
 [Prometheus] Tool execution results Object
 [Prometheus] [CAPRA] AskSage tool execution results Object
 [Prometheus] [CAPRA] Step context snapshot Object
 [Prometheus] Request payload Object
 [Prometheus] [CAPRA] Request payload Object
 [Prometheus] [CAPRA] HTTP attempt start Object
 [Prometheus] [CAPRA] HTTP attempt response Object
 [Prometheus] [CAPRA] HTTP response Object
 [Prometheus] [CAPRA] Parsed response candidate selection Object
 [Prometheus] Parsed response Object
 [Prometheus] [CAPRA] Final parsed text Object
 [Prometheus] [CAPRA] AskSage execution decision Object
 [Prometheus] Execution decision Object
 [Prometheus] [CAPRA] Read-only streak detected Object
_debugLog @ about:srcdoc:59215
 [Prometheus] [CAPRA] Step context snapshot Object
 [Prometheus] Request payload Object
 [Prometheus] [CAPRA] Request payload Object
 [Prometheus] [CAPRA] HTTP attempt start Object
 [Prometheus] [CAPRA] HTTP attempt response Object
 [Prometheus] [CAPRA] HTTP response Object
 [Prometheus] [CAPRA] Parsed response candidate selection Object
 [Prometheus] Parsed response Object
 [Prometheus] [CAPRA] Final parsed text Object
 [Prometheus] [CAPRA] AskSage execution decision Object
 [Prometheus] Execution decision Object
 [Prometheus] [CAPRA] Read-only streak detected Object
_debugLog @ about:srcdoc:59215
 [Prometheus] [CAPRA] Tool execution start Object
 [Prometheus] [CAPRA] Tool execution finished Object
 [Prometheus] Tool execution results Object
 [Prometheus] [CAPRA] AskSage tool execution results Object
 [Prometheus] [CAPRA] Step context snapshot Object
 [Prometheus] Request payload Object
 [Prometheus] [CAPRA] Request payload Object
 [Prometheus] [CAPRA] HTTP attempt start Object
 [Prometheus] [CAPRA] HTTP attempt response Object
 [Prometheus] [CAPRA] HTTP response Object
 [Prometheus] [CAPRA] Parsed response candidate selection Object
 [Prometheus] Parsed response Object
 [Prometheus] [CAPRA] Final parsed text Object
 [Prometheus] [CAPRA] AskSage execution decision Object
 [Prometheus] [CAPRA] Run final state Object
 [Prometheus] [CAPRA] Prepared message context Object
 [Prometheus] [CAPRA] Step context snapshot Object
 [Prometheus] Request payload Object
 [Prometheus] [CAPRA] Request payload Object
 [Prometheus] [CAPRA] HTTP attempt start Object
 [Prometheus] [CAPRA] HTTP attempt response Object
 [Prometheus] [CAPRA] HTTP response Object
 [Prometheus] [CAPRA] Parsed response candidate selection Object
 [Prometheus] Parsed response Object
 [Prometheus] [CAPRA] Final parsed text Object
 [Prometheus] [CAPRA] AskSage execution decision Object
 [Prometheus] Execution decision Object
 [Prometheus] [CAPRA] Tool execution start Object
 [Prometheus] [CAPRA] Tool execution finished Object
 [Prometheus] Tool execution results Object
 [Prometheus] [CAPRA] AskSage tool execution results Object
 [Prometheus] [CAPRA] Step context snapshot Object
 [Prometheus] Request payload Object
 [Prometheus] [CAPRA] Request payload Object
 [Prometheus] [CAPRA] HTTP attempt start Object
 [Prometheus] [CAPRA] HTTP attempt response Object
 [Prometheus] [CAPRA] HTTP response Object
 [Prometheus] [CAPRA] Parsed response candidate selection Object
 [Prometheus] Parsed response Object
 [Prometheus] [CAPRA] Final parsed text Object
 [Prometheus] [CAPRA] AskSage execution decision Object
 [Prometheus] Execution decision Object
 [Prometheus] [CAPRA] Tool execution start Object
 [Prometheus] [CAPRA] Tool execution finished Object
 [Prometheus] Tool execution results Object
 [Prometheus] [CAPRA] AskSage tool execution results Object
 [Prometheus] [CAPRA] Step context snapshot Object
 [Prometheus] Request payload Object
 [Prometheus] [CAPRA] Request payload Object
 [Prometheus] [CAPRA] HTTP attempt start Object
 [Prometheus] [CAPRA] HTTP attempt response Object
 [Prometheus] [CAPRA] HTTP response Object
 [Prometheus] [CAPRA] Parsed response candidate selection Object
 [Prometheus] Parsed response Object
 [Prometheus] [CAPRA] Final parsed text Object
 [Prometheus] [CAPRA] AskSage execution decision Object
 [Prometheus] Execution decision Object
 [Prometheus] [CAPRA] Tool execution start Object
 [Prometheus] [CAPRA] Tool execution finished Object
 [Prometheus] Tool execution results Object
 [Prometheus] [CAPRA] AskSage tool execution results Object
 [Prometheus] [CAPRA] Step context snapshot Object
 [Prometheus] Request payload Object
 [Prometheus] [CAPRA] Request payload Object
 [Prometheus] [CAPRA] HTTP attempt start Object
 [Prometheus] [CAPRA] HTTP attempt response Object
 [Prometheus] [CAPRA] HTTP response Object
 [Prometheus] [CAPRA] Parsed response candidate selection Object
 [Prometheus] Parsed response Object
 [Prometheus] [CAPRA] Final parsed text Object
 [Prometheus] [CAPRA] AskSage execution decision Object
 [Prometheus] Execution decision Object
 [Prometheus] [CAPRA] Tool execution start Object
 [Prometheus] [CAPRA] Tool execution finished Object
 [Prometheus] Tool execution results Object
 [Prometheus] [CAPRA] AskSage tool execution results Object
 [Prometheus] [CAPRA] Step context snapshot Object
 [Prometheus] Request payload Object
 [Prometheus] [CAPRA] Request payload Object
 [Prometheus] [CAPRA] HTTP attempt start Object
 [Prometheus] [CAPRA] HTTP attempt response Object
 [Prometheus] [CAPRA] HTTP response Object
 [Prometheus] [CAPRA] Parsed response candidate selection Object
 [Prometheus] Parsed response Object
 [Prometheus] [CAPRA] Final parsed text Object
 [Prometheus] [CAPRA] AskSage execution decision Object
 [Prometheus] Execution decision Object
 [Prometheus] [CAPRA] Tool execution start Object
 [Prometheus] [CAPRA] Tool execution finished Object
 [Prometheus] Tool execution results Object
 [Prometheus] [CAPRA] AskSage tool execution results Object
 [Prometheus] [CAPRA] Step context snapshot Object
 [Prometheus] Request payload Object
 [Prometheus] [CAPRA] Request payload Object
 [Prometheus] [CAPRA] HTTP attempt start Object
about:srcdoc:59215 [Prometheus] [CAPRA] HTTP attempt response Object
about:srcdoc:59215 [Prometheus] [CAPRA] HTTP response Object
about:srcdoc:59215 [Prometheus] [CAPRA] Parsed response candidate selection Object
about:srcdoc:59215 [Prometheus] Parsed response Object
about:srcdoc:59215 [Prometheus] [CAPRA] Final parsed text Object
about:srcdoc:59215 [Prometheus] [CAPRA] AskSage execution decision Object
about:srcdoc:59215 [Prometheus] Execution decision Object
about:srcdoc:59215 [Prometheus] [CAPRA] Tool execution start Object
about:srcdoc:59215 [Prometheus] [CAPRA] Tool execution finished Object
about:srcdoc:59215 [Prometheus] Tool execution results Object
about:srcdoc:59215 [Prometheus] [CAPRA] AskSage tool execution results Object
about:srcdoc:59215 [Prometheus] [CAPRA] Step context snapshot Object
about:srcdoc:59215 [Prometheus] Request payload Object
about:srcdoc:59215 [Prometheus] [CAPRA] Request payload Object
about:srcdoc:59215 [Prometheus] [CAPRA] HTTP attempt start Object
about:srcdoc:59215 [Prometheus] [CAPRA] HTTP attempt response Object
about:srcdoc:59215 [Prometheus] [CAPRA] HTTP response Object
about:srcdoc:59215 [Prometheus] [CAPRA] Parsed response candidate selection Object
about:srcdoc:59215 [Prometheus] Parsed response Object
about:srcdoc:59215 [Prometheus] [CAPRA] Final parsed text Object
about:srcdoc:59215 [Prometheus] [CAPRA] AskSage execution decision Object
about:srcdoc:59215 [Prometheus] Execution decision Object
about:srcdoc:59215 [Prometheus] [CAPRA] Tool execution start Object
about:srcdoc:59215 [Prometheus] [CAPRA] Tool execution finished Object
about:srcdoc:59215 [Prometheus] Tool execution results Object
about:srcdoc:59215 [Prometheus] [CAPRA] AskSage tool execution results Object
about:srcdoc:59215 [Prometheus] [CAPRA] Step context snapshot Object
about:srcdoc:59215 [Prometheus] Request payload Object
about:srcdoc:59215 [Prometheus] [CAPRA] Request payload Object
about:srcdoc:59215 [Prometheus] [CAPRA] HTTP attempt start Object
about:srcdoc:59215 [Prometheus] [CAPRA] HTTP attempt response Object
about:srcdoc:59215 [Prometheus] [CAPRA] HTTP response Object
about:srcdoc:59215 [Prometheus] [CAPRA] Parsed response candidate selection Object
about:srcdoc:59215 [Prometheus] Parsed response Object
about:srcdoc:59215 [Prometheus] [CAPRA] Final parsed text Object
about:srcdoc:59215 [Prometheus] [CAPRA] AskSage execution decision Object
about:srcdoc:59215 [Prometheus] Execution decision Object
about:srcdoc:59215 [Prometheus] [CAPRA] Tool execution start Object
about:srcdoc:59215 [Prometheus] [CAPRA] Tool execution start Object
about:srcdoc:59215 [Prometheus] [CAPRA] Tool execution finished Object
about:srcdoc:59215 [Prometheus] [CAPRA] Tool execution finished Object
about:srcdoc:59215 [Prometheus] Tool execution results Object
about:srcdoc:59215 [Prometheus] [CAPRA] AskSage tool execution results Object
about:srcdoc:59215 [Prometheus] [CAPRA] Step context snapshot Object
about:srcdoc:59215 [Prometheus] Request payload Object
about:srcdoc:59215 [Prometheus] [CAPRA] Request payload Object
about:srcdoc:59215 [Prometheus] [CAPRA] HTTP attempt start Object
about:srcdoc:59215 [Prometheus] [CAPRA] HTTP attempt response Object
about:srcdoc:59215 [Prometheus] [CAPRA] HTTP response Object
about:srcdoc:59215 [Prometheus] [CAPRA] Parsed response candidate selection Object
about:srcdoc:59215 [Prometheus] Parsed response Object
about:srcdoc:59215 [Prometheus] [CAPRA] Final parsed text Object
about:srcdoc:59215 [Prometheus] [CAPRA] AskSage execution decision Object
about:srcdoc:59215 [Prometheus] Execution decision Object
about:srcdoc:59215 [Prometheus] [CAPRA] Read-only streak detected Object
_debugLog @ about:srcdoc:59215
about:srcdoc:59215 [Prometheus] [CAPRA] Tool execution start Object
about:srcdoc:59215 [Prometheus] [CAPRA] Tool execution start Object
about:srcdoc:59215 [Prometheus] [CAPRA] Tool execution start Object
about:srcdoc:59215 [Prometheus] [CAPRA] Tool execution finished Object
about:srcdoc:59215 [Prometheus] [CAPRA] Tool execution finished Object
about:srcdoc:59215 [Prometheus] [CAPRA] Tool execution finished Object
about:srcdoc:59215 [Prometheus] Tool execution results Object
about:srcdoc:59215 [Prometheus] [CAPRA] AskSage tool execution results Object
about:srcdoc:59215 [Prometheus] [CAPRA] Step context snapshot Object
about:srcdoc:59215 [Prometheus] Request payload Object
about:srcdoc:59215 [Prometheus] [CAPRA] Request payload Object
about:srcdoc:59215 [Prometheus] [CAPRA] HTTP attempt start Object
about:srcdoc:59215 [Prometheus] [CAPRA] HTTP attempt response Object
about:srcdoc:59215 [Prometheus] [CAPRA] HTTP response Object
about:srcdoc:59215 [Prometheus] [CAPRA] Parsed response candidate selection Object
about:srcdoc:59215 [Prometheus] Parsed response Object
about:srcdoc:59215 [Prometheus] [CAPRA] Final parsed text Object
about:srcdoc:59215 [Prometheus] [CAPRA] AskSage execution decision Object
about:srcdoc:59215 [Prometheus] Execution decision Object
about:srcdoc:59215 [Prometheus] [CAPRA] Read-only streak detected Object
_debugLog @ about:srcdoc:59215
about:srcdoc:59215 [Prometheus] [CAPRA] Tool execution start Object
about:srcdoc:59215 [Prometheus] [CAPRA] Tool execution finished Object
about:srcdoc:59215 [Prometheus] Tool execution results Object
about:srcdoc:59215 [Prometheus] [CAPRA] AskSage tool execution results Object
about:srcdoc:59215 [Prometheus] [CAPRA] Step context snapshot Object
about:srcdoc:59215 [Prometheus] Request payload Object
about:srcdoc:59215 [Prometheus] [CAPRA] Request payload Object
about:srcdoc:59215 [Prometheus] [CAPRA] HTTP attempt start Object
about:srcdoc:59215 [Prometheus] [CAPRA] HTTP attempt response Object
about:srcdoc:59215 [Prometheus] [CAPRA] HTTP response Object
about:srcdoc:59215 [Prometheus] [CAPRA] Parsed response candidate selection Object
about:srcdoc:59215 [Prometheus] Parsed response Object
about:srcdoc:59215 [Prometheus] [CAPRA] Final parsed text Object
about:srcdoc:59215 [Prometheus] [CAPRA] AskSage execution decision Object
about:srcdoc:59215 [Prometheus] Execution decision Object
about:srcdoc:59215 [Prometheus] [CAPRA] Read-only streak detected Object
_debugLog @ about:srcdoc:59215
about:srcdoc:59215 [Prometheus] [CAPRA] Stopping after repeated read-only tool calls Object
_debugLog @ about:srcdoc:59215
about:srcdoc:59215 [Prometheus] [CAPRA] Run final state Object
about:srcdoc:6 Uncaught EvalError: Evaluating a string as JavaScript violates the following Content Security Policy directive because 'unsafe-eval' is not an allowed source of script: script-src 'unsafe-inline'".

    at new Function (<anonymous>)
    at getListener (about:srcdoc:6:916)
    at attachFromAttr (about:srcdoc:6:1976)
    at visit (about:srcdoc:6:2336)
    at scanNode (about:srcdoc:6:2388)
    at MutationObserver.<anonymous> (about:srcdoc:6:2912)
Forge v1.8.html:1 Unsafe attempt to load URL file:///C:/Users/1385718191.MIL/Downloads/owa3-16-2026/Forge%20v1.8.html from frame with URL file:///C:/Users/1385718191.MIL/Downloads/owa3-16-2026/Forge%20v1.8.html. 'file:' URLs are treated as unique security origins.

